-------------------------------------------------------------------------------
Test set: com.webservices.scoretrack.ScoretrackApplicationTests
-------------------------------------------------------------------------------
Tests run: 1, Failures: 0, Errors: 1, Skipped: 0, Time elapsed: 3.045 s <<< FAILURE! - in com.webservices.scoretrack.ScoretrackApplicationTests
contextLoads(com.webservices.scoretrack.ScoretrackApplicationTests)  Time elapsed: 0.005 s  <<< ERROR!
java.lang.IllegalStateException: Failed to load ApplicationContext
Caused by: org.springframework.beans.factory.BeanCreationException: Error creating bean with name 'entityManagerFactory' defined in class path resource [org/springframework/boot/autoconfigure/orm/jpa/HibernateJpaConfiguration.class]: Invocation of init method failed; nested exception is javax.persistence.PersistenceException: [PersistenceUnit: default] Unable to build Hibernate SessionFactory; nested exception is org.hibernate.MappingException: Could not determine type for: com.webservices.scoretrack.domain.Team, at table: match_score, for columns: [org.hibernate.mapping.Column(team)]
Caused by: javax.persistence.PersistenceException: [PersistenceUnit: default] Unable to build Hibernate SessionFactory; nested exception is org.hibernate.MappingException: Could not determine type for: com.webservices.scoretrack.domain.Team, at table: match_score, for columns: [org.hibernate.mapping.Column(team)]
Caused by: org.hibernate.MappingException: Could not determine type for: com.webservices.scoretrack.domain.Team, at table: match_score, for columns: [org.hibernate.mapping.Column(team)]

